[0m[[0m[0mdebug[0m] [0m[0m> Exec(~run, Some(61ea2607-b931-4a07-9767-a7573309979e), Some(CommandSource(console0)))[0m
[0m[[0m[0mdebug[0m] [0m[0m> Exec(__runWatch console0, None, Some(CommandSource(console0)))[0m
[0m[[0m[0mdebug[0m] [0m[0m> Exec(sbtStashOnFailure, None, Some(CommandSource(console0)))[0m
[0m[[0m[0mdebug[0m] [0m[0m> Exec(__preWatch console0, None, Some(CommandSource(console0)))[0m
[0m[[0m[0mdebug[0m] [0m[0m> Exec(run, None, Some(CommandSource(console0)))[0m
[0m[[0m[0mdebug[0m] [0m[0mEvaluating tasks: Compile / run[0m
[0m[[0m[0mdebug[0m] [0m[0mRunning task... Cancel: Signal, check cycles: false, forcegc: true[0m
[0m[[0m[0minfo[0m] [0m[0mcompiling 1 Scala source to C:\Users\leifr\Desktop\Project1Ex\target\scala-2.11\classes ...[0m
[0m[[0m[33mwarn[0m] [0m[0mthere were 21 deprecation warnings; re-run with -deprecation for details[0m
[0m[[0m[33mwarn[0m] [0m[0mone warning found[0m
[0m[[0m[31merror[0m] [0m[0morg.apache.spark.SparkException: Dynamic partition strict mode requires at least one static partition column. To turn this off set hive.exec.dynamic.partition.mode=nonstrict[0m
[0m[[0m[31merror[0m] [0m[0m	at org.apache.spark.sql.hive.execution.InsertIntoHiveTable.processInsert(InsertIntoHiveTable.scala:157)[0m
[0m[[0m[31merror[0m] [0m[0m	at org.apache.spark.sql.hive.execution.InsertIntoHiveTable.run(InsertIntoHiveTable.scala:99)[0m
[0m[[0m[31merror[0m] [0m[0m	at org.apache.spark.sql.execution.command.DataWritingCommandExec.sideEffectResult$lzycompute(commands.scala:104)[0m
[0m[[0m[31merror[0m] [0m[0m	at org.apache.spark.sql.execution.command.DataWritingCommandExec.sideEffectResult(commands.scala:102)[0m
[0m[[0m[31merror[0m] [0m[0m	at org.apache.spark.sql.execution.command.DataWritingCommandExec.executeCollect(commands.scala:115)[0m
[0m[[0m[31merror[0m] [0m[0m	at org.apache.spark.sql.Dataset$$anonfun$6.apply(Dataset.scala:190)[0m
[0m[[0m[31merror[0m] [0m[0m	at org.apache.spark.sql.Dataset$$anonfun$6.apply(Dataset.scala:190)[0m
[0m[[0m[31merror[0m] [0m[0m	at org.apache.spark.sql.Dataset$$anonfun$52.apply(Dataset.scala:3259)[0m
[0m[[0m[31merror[0m] [0m[0m	at org.apache.spark.sql.execution.SQLExecution$.withNewExecutionId(SQLExecution.scala:77)[0m
[0m[[0m[31merror[0m] [0m[0m	at org.apache.spark.sql.Dataset.withAction(Dataset.scala:3258)[0m
[0m[[0m[31merror[0m] [0m[0m	at org.apache.spark.sql.Dataset.<init>(Dataset.scala:190)[0m
[0m[[0m[31merror[0m] [0m[0m	at org.apache.spark.sql.Dataset$.ofRows(Dataset.scala:75)[0m
[0m[[0m[31merror[0m] [0m[0m	at org.apache.spark.sql.SparkSession.sql(SparkSession.scala:642)[0m
[0m[[0m[31merror[0m] [0m[0m	at org.apache.spark.sql.SQLContext.sql(SQLContext.scala:694)[0m
[0m[[0m[31merror[0m] [0m[0m	at Project1Ex$.insertMusicData(Project1Ex.scala:437)[0m
[0m[[0m[31merror[0m] [0m[0m	at Project1Ex$.main(Project1Ex.scala:56)[0m
[0m[[0m[31merror[0m] [0m[0m	at Project1Ex.main(Project1Ex.scala)[0m
[0m[[0m[31merror[0m] [0m[0m	at sun.reflect.NativeMethodAccessorImpl.invoke0(Native Method)[0m
[0m[[0m[31merror[0m] [0m[0m	at sun.reflect.NativeMethodAccessorImpl.invoke(Unknown Source)[0m
[0m[[0m[31merror[0m] [0m[0m	at sun.reflect.DelegatingMethodAccessorImpl.invoke(Unknown Source)[0m
[0m[[0m[31merror[0m] [0m[0m	at java.lang.reflect.Method.invoke(Unknown Source)[0m
[0m[[0m[31merror[0m] [0m[0m	at sbt.Run.invokeMain(Run.scala:143)[0m
[0m[[0m[31merror[0m] [0m[0m	at sbt.Run.execute$1(Run.scala:93)[0m
[0m[[0m[31merror[0m] [0m[0m	at sbt.Run.$anonfun$runWithLoader$5(Run.scala:120)[0m
[0m[[0m[31merror[0m] [0m[0m	at sbt.Run$.executeSuccess(Run.scala:186)[0m
[0m[[0m[31merror[0m] [0m[0m	at sbt.Run.runWithLoader(Run.scala:120)[0m
[0m[[0m[31merror[0m] [0m[0m	at sbt.Defaults$.$anonfun$bgRunTask$6(Defaults.scala:1983)[0m
[0m[[0m[31merror[0m] [0m[0m	at sbt.Defaults$.$anonfun$termWrapper$2(Defaults.scala:1922)[0m
[0m[[0m[31merror[0m] [0m[0m	at scala.runtime.java8.JFunction0$mcV$sp.apply(JFunction0$mcV$sp.java:23)[0m
[0m[[0m[31merror[0m] [0m[0m	at scala.util.Try$.apply(Try.scala:213)[0m
[0m[[0m[31merror[0m] [0m[0m	at sbt.internal.BackgroundThreadPool$BackgroundRunnable.run(DefaultBackgroundJobService.scala:369)[0m
[0m[[0m[31merror[0m] [0m[0m	at java.util.concurrent.ThreadPoolExecutor.runWorker(Unknown Source)[0m
[0m[[0m[31merror[0m] [0m[0m	at java.util.concurrent.ThreadPoolExecutor$Worker.run(Unknown Source)[0m
[0m[[0m[31merror[0m] [0m[0m	at java.lang.Thread.run(Unknown Source)[0m
[0m[[0m[31merror[0m] [0m[0m(Compile / [31mrun[0m) org.apache.spark.SparkException: Dynamic partition strict mode requires at least one static partition column. To turn this off set hive.exec.dynamic.partition.mode=nonstrict[0m
[0m[[0m[31merror[0m] [0m[0mTotal time: 123 s (02:03), completed Feb 1, 2022 11:36:40 AM[0m
[0m[[0m[0mdebug[0m] [0m[0m> Exec(resumeFromFailure, None, Some(CommandSource(console0)))[0m
[0m[[0m[0mdebug[0m] [0m[0m> Exec(sbtPopOnFailure, None, Some(CommandSource(console0)))[0m
[0m[[0m[0mdebug[0m] [0m[0m> Exec(__postWatch console0, None, Some(CommandSource(console0)))[0m
[0m[[0m[0mdebug[0m] [0m[0m> Exec(__waitWatch console0, None, Some(CommandSource(console0)))[0m
