[0m[[0m[0mdebug[0m] [0m[0m> Exec(~run, Some(29616510-09a2-459e-b6f7-3a0804e1b1da), Some(CommandSource(console0)))[0m
[0m[[0m[0mdebug[0m] [0m[0m> Exec(__runWatch console0, None, Some(CommandSource(console0)))[0m
[0m[[0m[0mdebug[0m] [0m[0m> Exec(sbtStashOnFailure, None, Some(CommandSource(console0)))[0m
[0m[[0m[0mdebug[0m] [0m[0m> Exec(__preWatch console0, None, Some(CommandSource(console0)))[0m
[0m[[0m[0mdebug[0m] [0m[0m> Exec(run, None, Some(CommandSource(console0)))[0m
[0m[[0m[0mdebug[0m] [0m[0mEvaluating tasks: Compile / run[0m
[0m[[0m[0mdebug[0m] [0m[0mRunning task... Cancel: Signal, check cycles: false, forcegc: true[0m
[0m[[0m[0minfo[0m] [0m[0mcompiling 1 Scala source to C:\Users\leifr\Desktop\Project1Ex\target\scala-2.11\classes ...[0m
[0m[[0m[33mwarn[0m] [0m[0mthere were 21 deprecation warnings; re-run with -deprecation for details[0m
[0m[[0m[33mwarn[0m] [0m[0mone warning found[0m
[0m[[0m[31merror[0m] [0m[0morg.apache.spark.sql.AnalysisException: org.apache.hadoop.hive.ql.metadata.Table.ValidationFailureSemanticException: Partition spec {artist_name=, Artist_Name=4.0} contains non-partition columns;[0m
[0m[[0m[31merror[0m] [0m[0m	at org.apache.spark.sql.hive.HiveExternalCatalog.withClient(HiveExternalCatalog.scala:106)[0m
[0m[[0m[31merror[0m] [0m[0m	at org.apache.spark.sql.hive.HiveExternalCatalog.loadDynamicPartitions(HiveExternalCatalog.scala:871)[0m
[0m[[0m[31merror[0m] [0m[0m	at org.apache.spark.sql.hive.execution.InsertIntoHiveTable.processInsert(InsertIntoHiveTable.scala:205)[0m
[0m[[0m[31merror[0m] [0m[0m	at org.apache.spark.sql.hive.execution.InsertIntoHiveTable.run(InsertIntoHiveTable.scala:99)[0m
[0m[[0m[31merror[0m] [0m[0m	at org.apache.spark.sql.execution.command.DataWritingCommandExec.sideEffectResult$lzycompute(commands.scala:104)[0m
[0m[[0m[31merror[0m] [0m[0m	at org.apache.spark.sql.execution.command.DataWritingCommandExec.sideEffectResult(commands.scala:102)[0m
[0m[[0m[31merror[0m] [0m[0m	at org.apache.spark.sql.execution.command.DataWritingCommandExec.executeCollect(commands.scala:115)[0m
[0m[[0m[31merror[0m] [0m[0m	at org.apache.spark.sql.Dataset$$anonfun$6.apply(Dataset.scala:190)[0m
[0m[[0m[31merror[0m] [0m[0m	at org.apache.spark.sql.Dataset$$anonfun$6.apply(Dataset.scala:190)[0m
[0m[[0m[31merror[0m] [0m[0m	at org.apache.spark.sql.Dataset$$anonfun$52.apply(Dataset.scala:3259)[0m
[0m[[0m[31merror[0m] [0m[0m	at org.apache.spark.sql.execution.SQLExecution$.withNewExecutionId(SQLExecution.scala:77)[0m
[0m[[0m[31merror[0m] [0m[0m	at org.apache.spark.sql.Dataset.withAction(Dataset.scala:3258)[0m
[0m[[0m[31merror[0m] [0m[0m	at org.apache.spark.sql.Dataset.<init>(Dataset.scala:190)[0m
[0m[[0m[31merror[0m] [0m[0m	at org.apache.spark.sql.Dataset$.ofRows(Dataset.scala:75)[0m
[0m[[0m[31merror[0m] [0m[0m	at org.apache.spark.sql.SparkSession.sql(SparkSession.scala:642)[0m
[0m[[0m[31merror[0m] [0m[0m	at org.apache.spark.sql.SQLContext.sql(SQLContext.scala:694)[0m
[0m[[0m[31merror[0m] [0m[0m	at Project1Ex$.insertMusicData(Project1Ex.scala:437)[0m
[0m[[0m[31merror[0m] [0m[0m	at Project1Ex$.main(Project1Ex.scala:56)[0m
[0m[[0m[31merror[0m] [0m[0m	at Project1Ex.main(Project1Ex.scala)[0m
[0m[[0m[31merror[0m] [0m[0m	at sun.reflect.NativeMethodAccessorImpl.invoke0(Native Method)[0m
[0m[[0m[31merror[0m] [0m[0m	at sun.reflect.NativeMethodAccessorImpl.invoke(Unknown Source)[0m
[0m[[0m[31merror[0m] [0m[0m	at sun.reflect.DelegatingMethodAccessorImpl.invoke(Unknown Source)[0m
[0m[[0m[31merror[0m] [0m[0m	at java.lang.reflect.Method.invoke(Unknown Source)[0m
[0m[[0m[31merror[0m] [0m[0m	at sbt.Run.invokeMain(Run.scala:143)[0m
[0m[[0m[31merror[0m] [0m[0m	at sbt.Run.execute$1(Run.scala:93)[0m
[0m[[0m[31merror[0m] [0m[0m	at sbt.Run.$anonfun$runWithLoader$5(Run.scala:120)[0m
[0m[[0m[31merror[0m] [0m[0m	at sbt.Run$.executeSuccess(Run.scala:186)[0m
[0m[[0m[31merror[0m] [0m[0m	at sbt.Run.runWithLoader(Run.scala:120)[0m
[0m[[0m[31merror[0m] [0m[0m	at sbt.Defaults$.$anonfun$bgRunTask$6(Defaults.scala:1983)[0m
[0m[[0m[31merror[0m] [0m[0m	at sbt.Defaults$.$anonfun$termWrapper$2(Defaults.scala:1922)[0m
[0m[[0m[31merror[0m] [0m[0m	at scala.runtime.java8.JFunction0$mcV$sp.apply(JFunction0$mcV$sp.java:23)[0m
[0m[[0m[31merror[0m] [0m[0m	at scala.util.Try$.apply(Try.scala:213)[0m
[0m[[0m[31merror[0m] [0m[0m	at sbt.internal.BackgroundThreadPool$BackgroundRunnable.run(DefaultBackgroundJobService.scala:369)[0m
[0m[[0m[31merror[0m] [0m[0m	at java.util.concurrent.ThreadPoolExecutor.runWorker(Unknown Source)[0m
[0m[[0m[31merror[0m] [0m[0m	at java.util.concurrent.ThreadPoolExecutor$Worker.run(Unknown Source)[0m
[0m[[0m[31merror[0m] [0m[0m	at java.lang.Thread.run(Unknown Source)[0m
[0m[[0m[31merror[0m] [0m[0mCaused by: org.apache.hadoop.hive.ql.metadata.Table$ValidationFailureSemanticException: Partition spec {artist_name=, Artist_Name=4.0} contains non-partition columns[0m
[0m[[0m[31merror[0m] [0m[0m	at org.apache.hadoop.hive.ql.metadata.Table.validatePartColumnNames(Table.java:371)[0m
[0m[[0m[31merror[0m] [0m[0m	at org.apache.hadoop.hive.ql.metadata.Hive.getPartition(Hive.java:1817)[0m
[0m[[0m[31merror[0m] [0m[0m	at org.apache.hadoop.hive.ql.metadata.Hive.getPartition(Hive.java:1773)[0m
[0m[[0m[31merror[0m] [0m[0m	at org.apache.hadoop.hive.ql.metadata.Hive.loadPartition(Hive.java:1364)[0m
[0m[[0m[31merror[0m] [0m[0m	at org.apache.hadoop.hive.ql.metadata.Hive.loadDynamicPartitions(Hive.java:1593)[0m
[0m[[0m[31merror[0m] [0m[0m	at sun.reflect.NativeMethodAccessorImpl.invoke0(Native Method)[0m
[0m[[0m[31merror[0m] [0m[0m	at sun.reflect.NativeMethodAccessorImpl.invoke(Unknown Source)[0m
[0m[[0m[31merror[0m] [0m[0m	at sun.reflect.DelegatingMethodAccessorImpl.invoke(Unknown Source)[0m
[0m[[0m[31merror[0m] [0m[0m	at java.lang.reflect.Method.invoke(Unknown Source)[0m
[0m[[0m[31merror[0m] [0m[0m	at org.apache.spark.sql.hive.client.Shim_v1_2.loadDynamicPartitions(HiveShim.scala:966)[0m
[0m[[0m[31merror[0m] [0m[0m	at org.apache.spark.sql.hive.client.HiveClientImpl$$anonfun$loadDynamicPartitions$1.apply$mcV$sp(HiveClientImpl.scala:773)[0m
[0m[[0m[31merror[0m] [0m[0m	at org.apache.spark.sql.hive.client.HiveClientImpl$$anonfun$loadDynamicPartitions$1.apply(HiveClientImpl.scala:771)[0m
[0m[[0m[31merror[0m] [0m[0m	at org.apache.spark.sql.hive.client.HiveClientImpl$$anonfun$loadDynamicPartitions$1.apply(HiveClientImpl.scala:771)[0m
[0m[[0m[31merror[0m] [0m[0m	at org.apache.spark.sql.hive.client.HiveClientImpl$$anonfun$withHiveState$1.apply(HiveClientImpl.scala:272)[0m
[0m[[0m[31merror[0m] [0m[0m	at org.apache.spark.sql.hive.client.HiveClientImpl.liftedTree1$1(HiveClientImpl.scala:210)[0m
[0m[[0m[31merror[0m] [0m[0m	at org.apache.spark.sql.hive.client.HiveClientImpl.retryLocked(HiveClientImpl.scala:209)[0m
[0m[[0m[31merror[0m] [0m[0m	at org.apache.spark.sql.hive.client.HiveClientImpl.withHiveState(HiveClientImpl.scala:255)[0m
[0m[[0m[31merror[0m] [0m[0m	at org.apache.spark.sql.hive.client.HiveClientImpl.loadDynamicPartitions(HiveClientImpl.scala:771)[0m
[0m[[0m[31merror[0m] [0m[0m	at org.apache.spark.sql.hive.HiveExternalCatalog$$anonfun$loadDynamicPartitions$1.apply$mcV$sp(HiveExternalCatalog.scala:883)[0m
[0m[[0m[31merror[0m] [0m[0m	at org.apache.spark.sql.hive.HiveExternalCatalog$$anonfun$loadDynamicPartitions$1.apply(HiveExternalCatalog.scala:871)[0m
[0m[[0m[31merror[0m] [0m[0m	at org.apache.spark.sql.hive.HiveExternalCatalog$$anonfun$loadDynamicPartitions$1.apply(HiveExternalCatalog.scala:871)[0m
[0m[[0m[31merror[0m] [0m[0m	at org.apache.spark.sql.hive.HiveExternalCatalog.withClient(HiveExternalCatalog.scala:97)[0m
[0m[[0m[31merror[0m] [0m[0m	at org.apache.spark.sql.hive.HiveExternalCatalog.loadDynamicPartitions(HiveExternalCatalog.scala:871)[0m
[0m[[0m[31merror[0m] [0m[0m	at org.apache.spark.sql.hive.execution.InsertIntoHiveTable.processInsert(InsertIntoHiveTable.scala:205)[0m
[0m[[0m[31merror[0m] [0m[0m	at org.apache.spark.sql.hive.execution.InsertIntoHiveTable.run(InsertIntoHiveTable.scala:99)[0m
[0m[[0m[31merror[0m] [0m[0m	at org.apache.spark.sql.execution.command.DataWritingCommandExec.sideEffectResult$lzycompute(commands.scala:104)[0m
[0m[[0m[31merror[0m] [0m[0m	at org.apache.spark.sql.execution.command.DataWritingCommandExec.sideEffectResult(commands.scala:102)[0m
[0m[[0m[31merror[0m] [0m[0m	at org.apache.spark.sql.execution.command.DataWritingCommandExec.executeCollect(commands.scala:115)[0m
[0m[[0m[31merror[0m] [0m[0m	at org.apache.spark.sql.Dataset$$anonfun$6.apply(Dataset.scala:190)[0m
[0m[[0m[31merror[0m] [0m[0m	at org.apache.spark.sql.Dataset$$anonfun$6.apply(Dataset.scala:190)[0m
[0m[[0m[31merror[0m] [0m[0m	at org.apache.spark.sql.Dataset$$anonfun$52.apply(Dataset.scala:3259)[0m
[0m[[0m[31merror[0m] [0m[0m	at org.apache.spark.sql.execution.SQLExecution$.withNewExecutionId(SQLExecution.scala:77)[0m
[0m[[0m[31merror[0m] [0m[0m	at org.apache.spark.sql.Dataset.withAction(Dataset.scala:3258)[0m
[0m[[0m[31merror[0m] [0m[0m	at org.apache.spark.sql.Dataset.<init>(Dataset.scala:190)[0m
[0m[[0m[31merror[0m] [0m[0m	at org.apache.spark.sql.Dataset$.ofRows(Dataset.scala:75)[0m
[0m[[0m[31merror[0m] [0m[0m	at org.apache.spark.sql.SparkSession.sql(SparkSession.scala:642)[0m
[0m[[0m[31merror[0m] [0m[0m	at org.apache.spark.sql.SQLContext.sql(SQLContext.scala:694)[0m
[0m[[0m[31merror[0m] [0m[0m	at Project1Ex$.insertMusicData(Project1Ex.scala:437)[0m
[0m[[0m[31merror[0m] [0m[0m	at Project1Ex$.main(Project1Ex.scala:56)[0m
[0m[[0m[31merror[0m] [0m[0m	at Project1Ex.main(Project1Ex.scala)[0m
[0m[[0m[31merror[0m] [0m[0m	at sun.reflect.NativeMethodAccessorImpl.invoke0(Native Method)[0m
[0m[[0m[31merror[0m] [0m[0m	at sun.reflect.NativeMethodAccessorImpl.invoke(Unknown Source)[0m
[0m[[0m[31merror[0m] [0m[0m	at sun.reflect.DelegatingMethodAccessorImpl.invoke(Unknown Source)[0m
[0m[[0m[31merror[0m] [0m[0m	at java.lang.reflect.Method.invoke(Unknown Source)[0m
[0m[[0m[31merror[0m] [0m[0m	at sbt.Run.invokeMain(Run.scala:143)[0m
[0m[[0m[31merror[0m] [0m[0m	at sbt.Run.execute$1(Run.scala:93)[0m
[0m[[0m[31merror[0m] [0m[0m	at sbt.Run.$anonfun$runWithLoader$5(Run.scala:120)[0m
[0m[[0m[31merror[0m] [0m[0m	at sbt.Run$.executeSuccess(Run.scala:186)[0m
[0m[[0m[31merror[0m] [0m[0m	at sbt.Run.runWithLoader(Run.scala:120)[0m
[0m[[0m[31merror[0m] [0m[0m	at sbt.Defaults$.$anonfun$bgRunTask$6(Defaults.scala:1983)[0m
[0m[[0m[31merror[0m] [0m[0m	at sbt.Defaults$.$anonfun$termWrapper$2(Defaults.scala:1922)[0m
[0m[[0m[31merror[0m] [0m[0m	at scala.runtime.java8.JFunction0$mcV$sp.apply(JFunction0$mcV$sp.java:23)[0m
[0m[[0m[31merror[0m] [0m[0m	at scala.util.Try$.apply(Try.scala:213)[0m
[0m[[0m[31merror[0m] [0m[0m	at sbt.internal.BackgroundThreadPool$BackgroundRunnable.run(DefaultBackgroundJobService.scala:369)[0m
[0m[[0m[31merror[0m] [0m[0m	at java.util.concurrent.ThreadPoolExecutor.runWorker(Unknown Source)[0m
[0m[[0m[31merror[0m] [0m[0m	at java.util.concurrent.ThreadPoolExecutor$Worker.run(Unknown Source)[0m
[0m[[0m[31merror[0m] [0m[0m	at java.lang.Thread.run(Unknown Source)[0m
[0m[[0m[31merror[0m] [0m[0m(Compile / [31mrun[0m) org.apache.spark.sql.AnalysisException: org.apache.hadoop.hive.ql.metadata.Table.ValidationFailureSemanticException: Partition spec {artist_name=, Artist_Name=4.0} contains non-partition columns;[0m
[0m[[0m[31merror[0m] [0m[0mTotal time: 135 s (02:15), completed Feb 1, 2022 11:27:43 AM[0m
[0m[[0m[0mdebug[0m] [0m[0m> Exec(resumeFromFailure, None, Some(CommandSource(console0)))[0m
[0m[[0m[0mdebug[0m] [0m[0m> Exec(sbtPopOnFailure, None, Some(CommandSource(console0)))[0m
[0m[[0m[0mdebug[0m] [0m[0m> Exec(__postWatch console0, None, Some(CommandSource(console0)))[0m
[0m[[0m[0mdebug[0m] [0m[0m> Exec(__waitWatch console0, None, Some(CommandSource(console0)))[0m
