[0m[[0m[0mdebug[0m] [0m[0m> Exec(~run, Some(3fabd5c6-4140-4d23-9eb6-1ce2f7f2e41d), Some(CommandSource(console0)))[0m
[0m[[0m[0mdebug[0m] [0m[0m> Exec(__runWatch console0, None, Some(CommandSource(console0)))[0m
[0m[[0m[0mdebug[0m] [0m[0m> Exec(sbtStashOnFailure, None, Some(CommandSource(console0)))[0m
[0m[[0m[0mdebug[0m] [0m[0m> Exec(__preWatch console0, None, Some(CommandSource(console0)))[0m
[0m[[0m[0mdebug[0m] [0m[0m> Exec(run, None, Some(CommandSource(console0)))[0m
[0m[[0m[0mdebug[0m] [0m[0mEvaluating tasks: Compile / run[0m
[0m[[0m[0mdebug[0m] [0m[0mRunning task... Cancel: Signal, check cycles: false, forcegc: true[0m
[0m[[0m[0minfo[0m] [0m[0mcompiling 1 Scala source to C:\Users\leifr\Desktop\Project1Ex\target\scala-2.11\classes ...[0m
[0m[[0m[33mwarn[0m] [0m[0mthere were 21 deprecation warnings; re-run with -deprecation for details[0m
[0m[[0m[33mwarn[0m] [0m[0mone warning found[0m
[0m[[0m[31merror[0m] [0m[0morg.apache.spark.sql.catalyst.parser.ParseException: [0m
[0m[[0m[31merror[0m] [0m[0mextraneous input '"Artist_Name"' expecting {'SELECT', 'FROM', 'ADD', 'AS', 'ALL', 'DISTINCT', 'WHERE', 'GROUP', 'BY', 'GROUPING', 'SETS', 'CUBE', 'ROLLUP', 'ORDER', 'HAVING', 'LIMIT', 'AT', 'OR', 'AND', 'IN', NOT, 'NO', 'EXISTS', 'BETWEEN', 'LIKE', RLIKE, 'IS', 'NULL', 'TRUE', 'FALSE', 'NULLS', 'ASC', 'DESC', 'FOR', 'INTERVAL', 'CASE', 'WHEN', 'THEN', 'ELSE', 'END', 'JOIN', 'CROSS', 'OUTER', 'INNER', 'LEFT', 'SEMI', 'RIGHT', 'FULL', 'NATURAL', 'ON', 'LATERAL', 'WINDOW', 'OVER', 'PARTITION', 'RANGE', 'ROWS', 'UNBOUNDED', 'PRECEDING', 'FOLLOWING', 'CURRENT', 'FIRST', 'AFTER', 'LAST', 'ROW', 'WITH', 'VALUES', 'CREATE', 'TABLE', 'DIRECTORY', 'VIEW', 'REPLACE', 'INSERT', 'DELETE', 'INTO', 'DESCRIBE', 'EXPLAIN', 'FORMAT', 'LOGICAL', 'CODEGEN', 'COST', 'CAST', 'SHOW', 'TABLES', 'COLUMNS', 'COLUMN', 'USE', 'PARTITIONS', 'FUNCTIONS', 'DROP', 'UNION', 'EXCEPT', 'MINUS', 'INTERSECT', 'TO', 'TABLESAMPLE', 'STRATIFY', 'ALTER', 'RENAME', 'ARRAY', 'MAP', 'STRUCT', 'COMMENT', 'SET', 'RESET', 'DATA', 'START', 'TRANSACTION', 'COMMIT', 'ROLLBACK', 'MACRO', 'IGNORE', 'BOTH', 'LEADING', 'TRAILING', 'IF', 'POSITION', 'DIV', 'PERCENT', 'BUCKET', 'OUT', 'OF', 'SORT', 'CLUSTER', 'DISTRIBUTE', 'OVERWRITE', 'TRANSFORM', 'REDUCE', 'SERDE', 'SERDEPROPERTIES', 'RECORDREADER', 'RECORDWRITER', 'DELIMITED', 'FIELDS', 'TERMINATED', 'COLLECTION', 'ITEMS', 'KEYS', 'ESCAPED', 'LINES', 'SEPARATED', 'FUNCTION', 'EXTENDED', 'REFRESH', 'CLEAR', 'CACHE', 'UNCACHE', 'LAZY', 'FORMATTED', 'GLOBAL', TEMPORARY, 'OPTIONS', 'UNSET', 'TBLPROPERTIES', 'DBPROPERTIES', 'BUCKETS', 'SKEWED', 'STORED', 'DIRECTORIES', 'LOCATION', 'EXCHANGE', 'ARCHIVE', 'UNARCHIVE', 'FILEFORMAT', 'TOUCH', 'COMPACT', 'CONCATENATE', 'CHANGE', 'CASCADE', 'RESTRICT', 'CLUSTERED', 'SORTED', 'PURGE', 'INPUTFORMAT', 'OUTPUTFORMAT', DATABASE, DATABASES, 'DFS', 'TRUNCATE', 'ANALYZE', 'COMPUTE', 'LIST', 'STATISTICS', 'PARTITIONED', 'EXTERNAL', 'DEFINED', 'REVOKE', 'GRANT', 'LOCK', 'UNLOCK', 'MSCK', 'REPAIR', 'RECOVER', 'EXPORT', 'IMPORT', 'LOAD', 'ROLE', 'ROLES', 'COMPACTIONS', 'PRINCIPALS', 'TRANSACTIONS', 'INDEX', 'INDEXES', 'LOCKS', 'OPTION', 'ANTI', 'LOCAL', 'INPATH', IDENTIFIER, BACKQUOTED_IDENTIFIER}(line 1, pos 308)[0m
[0m[[0m[31merror[0m] [0m[0m[0m
[0m[[0m[31merror[0m] [0m[0m== SQL ==[0m
[0m[[0m[31merror[0m] [0m[0mCREATE TABLE IF NOT EXISTS data1 (Artist_Name STRING, Track_Name STRING, Popularity INT, Danceability FLOAT, Energy FLOAT, Key INT, Loudness FLOAT, Mode INT, Speechiness FLOAT, Acousticness FLOAT, Instrumental FLOAT, Liveness FLOAT, Valence FLOAT, Tempo FLOAT, Duration FLOAT, Time_Sign INT) PARTITIONED BY ("Artist_Name" INT) CLUSTERED BY (Artist_Name) INTO 4 BUCKETS row format delimited fields terminated by ',' stored as textfile TBLPROPERTIES("skip.header.line.count"="1")[0m
[0m[[0m[31merror[0m] [0m[0m--------------------------------------------------------------------------------------------------------------------------------------------------------------------------------------------------------------------------------------------------------------------------------------------------------------------^^^[0m
[0m[[0m[31merror[0m] [0m[0m[0m
[0m[[0m[31merror[0m] [0m[0m	at org.apache.spark.sql.catalyst.parser.ParseException.withCommand(ParseDriver.scala:239)[0m
[0m[[0m[31merror[0m] [0m[0m	at org.apache.spark.sql.catalyst.parser.AbstractSqlParser.parse(ParseDriver.scala:115)[0m
[0m[[0m[31merror[0m] [0m[0m	at org.apache.spark.sql.execution.SparkSqlParser.parse(SparkSqlParser.scala:48)[0m
[0m[[0m[31merror[0m] [0m[0m	at org.apache.spark.sql.catalyst.parser.AbstractSqlParser.parsePlan(ParseDriver.scala:69)[0m
[0m[[0m[31merror[0m] [0m[0m	at org.apache.spark.sql.SparkSession.sql(SparkSession.scala:642)[0m
[0m[[0m[31merror[0m] [0m[0m	at org.apache.spark.sql.SQLContext.sql(SQLContext.scala:694)[0m
[0m[[0m[31merror[0m] [0m[0m	at Project1Ex$.insertMusicData(Project1Ex.scala:434)[0m
[0m[[0m[31merror[0m] [0m[0m	at Project1Ex$.main(Project1Ex.scala:257)[0m
[0m[[0m[31merror[0m] [0m[0m	at Project1Ex.main(Project1Ex.scala)[0m
[0m[[0m[31merror[0m] [0m[0m	at sun.reflect.NativeMethodAccessorImpl.invoke0(Native Method)[0m
[0m[[0m[31merror[0m] [0m[0m	at sun.reflect.NativeMethodAccessorImpl.invoke(Unknown Source)[0m
[0m[[0m[31merror[0m] [0m[0m	at sun.reflect.DelegatingMethodAccessorImpl.invoke(Unknown Source)[0m
[0m[[0m[31merror[0m] [0m[0m	at java.lang.reflect.Method.invoke(Unknown Source)[0m
[0m[[0m[31merror[0m] [0m[0m	at sbt.Run.invokeMain(Run.scala:143)[0m
[0m[[0m[31merror[0m] [0m[0m	at sbt.Run.execute$1(Run.scala:93)[0m
[0m[[0m[31merror[0m] [0m[0m	at sbt.Run.$anonfun$runWithLoader$5(Run.scala:120)[0m
[0m[[0m[31merror[0m] [0m[0m	at sbt.Run$.executeSuccess(Run.scala:186)[0m
[0m[[0m[31merror[0m] [0m[0m	at sbt.Run.runWithLoader(Run.scala:120)[0m
[0m[[0m[31merror[0m] [0m[0m	at sbt.Defaults$.$anonfun$bgRunTask$6(Defaults.scala:1983)[0m
[0m[[0m[31merror[0m] [0m[0m	at sbt.Defaults$.$anonfun$termWrapper$2(Defaults.scala:1922)[0m
[0m[[0m[31merror[0m] [0m[0m	at scala.runtime.java8.JFunction0$mcV$sp.apply(JFunction0$mcV$sp.java:23)[0m
[0m[[0m[31merror[0m] [0m[0m	at scala.util.Try$.apply(Try.scala:213)[0m
[0m[[0m[31merror[0m] [0m[0m	at sbt.internal.BackgroundThreadPool$BackgroundRunnable.run(DefaultBackgroundJobService.scala:369)[0m
[0m[[0m[31merror[0m] [0m[0m	at java.util.concurrent.ThreadPoolExecutor.runWorker(Unknown Source)[0m
[0m[[0m[31merror[0m] [0m[0m	at java.util.concurrent.ThreadPoolExecutor$Worker.run(Unknown Source)[0m
[0m[[0m[31merror[0m] [0m[0m	at java.lang.Thread.run(Unknown Source)[0m
[0m[[0m[31merror[0m] [0m[0m(Compile / [31mrun[0m) org.apache.spark.sql.catalyst.parser.ParseException: [0m
[0m[[0m[31merror[0m] [0m[0mextraneous input '"Artist_Name"' expecting {'SELECT', 'FROM', 'ADD', 'AS', 'ALL', 'DISTINCT', 'WHERE', 'GROUP', 'BY', 'GROUPING', 'SETS', 'CUBE', 'ROLLUP', 'ORDER', 'HAVING', 'LIMIT', 'AT', 'OR', 'AND', 'IN', NOT, 'NO', 'EXISTS', 'BETWEEN', 'LIKE', RLIKE, 'IS', 'NULL', 'TRUE', 'FALSE', 'NULLS', 'ASC', 'DESC', 'FOR', 'INTERVAL', 'CASE', 'WHEN', 'THEN', 'ELSE', 'END', 'JOIN', 'CROSS', 'OUTER', 'INNER', 'LEFT', 'SEMI', 'RIGHT', 'FULL', 'NATURAL', 'ON', 'LATERAL', 'WINDOW', 'OVER', 'PARTITION', 'RANGE', 'ROWS', 'UNBOUNDED', 'PRECEDING', 'FOLLOWING', 'CURRENT', 'FIRST', 'AFTER', 'LAST', 'ROW', 'WITH', 'VALUES', 'CREATE', 'TABLE', 'DIRECTORY', 'VIEW', 'REPLACE', 'INSERT', 'DELETE', 'INTO', 'DESCRIBE', 'EXPLAIN', 'FORMAT', 'LOGICAL', 'CODEGEN', 'COST', 'CAST', 'SHOW', 'TABLES', 'COLUMNS', 'COLUMN', 'USE', 'PARTITIONS', 'FUNCTIONS', 'DROP', 'UNION', 'EXCEPT', 'MINUS', 'INTERSECT', 'TO', 'TABLESAMPLE', 'STRATIFY', 'ALTER', 'RENAME', 'ARRAY', 'MAP', 'STRUCT', 'COMMENT', 'SET', 'RESET', 'DATA', 'START', 'TRANSACTION', 'COMMIT', 'ROLLBACK', 'MACRO', 'IGNORE', 'BOTH', 'LEADING', 'TRAILING', 'IF', 'POSITION', 'DIV', 'PERCENT', 'BUCKET', 'OUT', 'OF', 'SORT', 'CLUSTER', 'DISTRIBUTE', 'OVERWRITE', 'TRANSFORM', 'REDUCE', 'SERDE', 'SERDEPROPERTIES', 'RECORDREADER', 'RECORDWRITER', 'DELIMITED', 'FIELDS', 'TERMINATED', 'COLLECTION', 'ITEMS', 'KEYS', 'ESCAPED', 'LINES', 'SEPARATED', 'FUNCTION', 'EXTENDED', 'REFRESH', 'CLEAR', 'CACHE', 'UNCACHE', 'LAZY', 'FORMATTED', 'GLOBAL', TEMPORARY, 'OPTIONS', 'UNSET', 'TBLPROPERTIES', 'DBPROPERTIES', 'BUCKETS', 'SKEWED', 'STORED', 'DIRECTORIES', 'LOCATION', 'EXCHANGE', 'ARCHIVE', 'UNARCHIVE', 'FILEFORMAT', 'TOUCH', 'COMPACT', 'CONCATENATE', 'CHANGE', 'CASCADE', 'RESTRICT', 'CLUSTERED', 'SORTED', 'PURGE', 'INPUTFORMAT', 'OUTPUTFORMAT', DATABASE, DATABASES, 'DFS', 'TRUNCATE', 'ANALYZE', 'COMPUTE', 'LIST', 'STATISTICS', 'PARTITIONED', 'EXTERNAL', 'DEFINED', 'REVOKE', 'GRANT', 'LOCK', 'UNLOCK', 'MSCK', 'REPAIR', 'RECOVER', 'EXPORT', 'IMPORT', 'LOAD', 'ROLE', 'ROLES', 'COMPACTIONS', 'PRINCIPALS', 'TRANSACTIONS', 'INDEX', 'INDEXES', 'LOCKS', 'OPTION', 'ANTI', 'LOCAL', 'INPATH', IDENTIFIER, BACKQUOTED_IDENTIFIER}(line 1, pos 308)[0m
[0m[[0m[31merror[0m] [0m[0m[0m
[0m[[0m[31merror[0m] [0m[0m== SQL ==[0m
[0m[[0m[31merror[0m] [0m[0mCREATE TABLE IF NOT EXISTS data1 (Artist_Name STRING, Track_Name STRING, Popularity INT, Danceability FLOAT, Energy FLOAT, Key INT, Loudness FLOAT, Mode INT, Speechiness FLOAT, Acousticness FLOAT, Instrumental FLOAT, Liveness FLOAT, Valence FLOAT, Tempo FLOAT, Duration FLOAT, Time_Sign INT) PARTITIONED BY ("Artist_Name" INT) CLUSTERED BY (Artist_Name) INTO 4 BUCKETS row format delimited fields terminated by ',' stored as textfile TBLPROPERTIES("skip.header.line.count"="1")[0m
[0m[[0m[31merror[0m] [0m[0m--------------------------------------------------------------------------------------------------------------------------------------------------------------------------------------------------------------------------------------------------------------------------------------------------------------------^^^[0m
[0m[[0m[31merror[0m] [0m[0mTotal time: 150 s (02:30), completed Feb 1, 2022 2:51:29 AM[0m
[0m[[0m[0mdebug[0m] [0m[0m> Exec(resumeFromFailure, None, Some(CommandSource(console0)))[0m
[0m[[0m[0mdebug[0m] [0m[0m> Exec(sbtPopOnFailure, None, Some(CommandSource(console0)))[0m
[0m[[0m[0mdebug[0m] [0m[0m> Exec(__postWatch console0, None, Some(CommandSource(console0)))[0m
[0m[[0m[0mdebug[0m] [0m[0m> Exec(__waitWatch console0, None, Some(CommandSource(console0)))[0m
