[0m[[0m[0mdebug[0m] [0m[0m> Exec(~run, Some(dcb7aca6-8fab-49b2-acbd-4dad577fcf8c), Some(CommandSource(console0)))[0m
[0m[[0m[0mdebug[0m] [0m[0m> Exec(__runWatch console0, None, Some(CommandSource(console0)))[0m
[0m[[0m[0mdebug[0m] [0m[0m> Exec(sbtStashOnFailure, None, Some(CommandSource(console0)))[0m
[0m[[0m[0mdebug[0m] [0m[0m> Exec(__preWatch console0, None, Some(CommandSource(console0)))[0m
[0m[[0m[0mdebug[0m] [0m[0m> Exec(run, None, Some(CommandSource(console0)))[0m
[0m[[0m[0mdebug[0m] [0m[0mEvaluating tasks: Compile / run[0m
[0m[[0m[0mdebug[0m] [0m[0mRunning task... Cancel: Signal, check cycles: false, forcegc: true[0m
[0m[[0m[0minfo[0m] [0m[0mcompiling 1 Scala source to C:\Users\leifr\Desktop\Project1Ex\target\scala-2.11\classes ...[0m
[0m[[0m[33mwarn[0m] [0m[0mthere were 20 deprecation warnings; re-run with -deprecation for details[0m
[0m[[0m[33mwarn[0m] [0m[0mone warning found[0m
[0m[[0m[31merror[0m] [0m[0mjava.sql.SQLSyntaxErrorException: Unknown column 'root' in 'where clause'[0m
[0m[[0m[31merror[0m] [0m[0m	at com.mysql.cj.jdbc.exceptions.SQLError.createSQLException(SQLError.java:120)[0m
[0m[[0m[31merror[0m] [0m[0m	at com.mysql.cj.jdbc.exceptions.SQLExceptionsMapping.translateException(SQLExceptionsMapping.java:122)[0m
[0m[[0m[31merror[0m] [0m[0m	at com.mysql.cj.jdbc.StatementImpl.executeUpdateInternal(StatementImpl.java:1340)[0m
[0m[[0m[31merror[0m] [0m[0m	at com.mysql.cj.jdbc.StatementImpl.executeLargeUpdate(StatementImpl.java:2089)[0m
[0m[[0m[31merror[0m] [0m[0m	at com.mysql.cj.jdbc.StatementImpl.executeUpdate(StatementImpl.java:1251)[0m
[0m[[0m[31merror[0m] [0m[0m	at Project1Ex$.main(Project1Ex.scala:357)[0m
[0m[[0m[31merror[0m] [0m[0m	at Project1Ex.main(Project1Ex.scala)[0m
[0m[[0m[31merror[0m] [0m[0m	at sun.reflect.NativeMethodAccessorImpl.invoke0(Native Method)[0m
[0m[[0m[31merror[0m] [0m[0m	at sun.reflect.NativeMethodAccessorImpl.invoke(Unknown Source)[0m
[0m[[0m[31merror[0m] [0m[0m	at sun.reflect.DelegatingMethodAccessorImpl.invoke(Unknown Source)[0m
[0m[[0m[31merror[0m] [0m[0m	at java.lang.reflect.Method.invoke(Unknown Source)[0m
[0m[[0m[31merror[0m] [0m[0m	at sbt.Run.invokeMain(Run.scala:143)[0m
[0m[[0m[31merror[0m] [0m[0m	at sbt.Run.execute$1(Run.scala:93)[0m
[0m[[0m[31merror[0m] [0m[0m	at sbt.Run.$anonfun$runWithLoader$5(Run.scala:120)[0m
[0m[[0m[31merror[0m] [0m[0m	at sbt.Run$.executeSuccess(Run.scala:186)[0m
[0m[[0m[31merror[0m] [0m[0m	at sbt.Run.runWithLoader(Run.scala:120)[0m
[0m[[0m[31merror[0m] [0m[0m	at sbt.Defaults$.$anonfun$bgRunTask$6(Defaults.scala:1983)[0m
[0m[[0m[31merror[0m] [0m[0m	at sbt.Defaults$.$anonfun$termWrapper$2(Defaults.scala:1922)[0m
[0m[[0m[31merror[0m] [0m[0m	at scala.runtime.java8.JFunction0$mcV$sp.apply(JFunction0$mcV$sp.java:23)[0m
[0m[[0m[31merror[0m] [0m[0m	at scala.util.Try$.apply(Try.scala:213)[0m
[0m[[0m[31merror[0m] [0m[0m	at sbt.internal.BackgroundThreadPool$BackgroundRunnable.run(DefaultBackgroundJobService.scala:369)[0m
[0m[[0m[31merror[0m] [0m[0m	at java.util.concurrent.ThreadPoolExecutor.runWorker(Unknown Source)[0m
[0m[[0m[31merror[0m] [0m[0m	at java.util.concurrent.ThreadPoolExecutor$Worker.run(Unknown Source)[0m
[0m[[0m[31merror[0m] [0m[0m	at java.lang.Thread.run(Unknown Source)[0m
[0m[[0m[31merror[0m] [0m[0m(Compile / [31mrun[0m) java.sql.SQLSyntaxErrorException: Unknown column 'root' in 'where clause'[0m
[0m[[0m[31merror[0m] [0m[0mTotal time: 211 s (03:31), completed Feb 2, 2022 11:15:31 AM[0m
[0m[[0m[0mdebug[0m] [0m[0m> Exec(resumeFromFailure, None, Some(CommandSource(console0)))[0m
[0m[[0m[0mdebug[0m] [0m[0m> Exec(sbtPopOnFailure, None, Some(CommandSource(console0)))[0m
[0m[[0m[0mdebug[0m] [0m[0m> Exec(__postWatch console0, None, Some(CommandSource(console0)))[0m
[0m[[0m[0mdebug[0m] [0m[0m> Exec(__waitWatch console0, None, Some(CommandSource(console0)))[0m
